<?xml version="1.0" encoding="UTF-8"?>
<testng-results skipped="0" failed="0" ignored="0" total="4" passed="4">
  <reporter-output>
  </reporter-output>
  <suite name="Suite" duration-ms="89226" started-at="2019-07-26T04:09:13Z" finished-at="2019-07-26T04:10:43Z">
    <groups>
    </groups>
    <test name="ChromeTest" duration-ms="83287" started-at="2019-07-26T04:09:13Z" finished-at="2019-07-26T04:10:37Z">
      <class name="scripts.TestValidLogin">
        <test-method status="PASS" signature="openApplication(java.lang.String)[pri:0, instance:scripts.TestValidLogin@7c1e2a9e]" name="openApplication" is-config="true" duration-ms="15880" started-at="2019-07-26T09:39:13Z" finished-at="2019-07-26T09:39:29Z">
          <params>
            <param index="0">
              <value>
                <![CDATA[chrome]]>
              </value>
            </param>
          </params>
          <reporter-output>
          </reporter-output>
        </test-method> <!-- openApplication -->
        <test-method status="PASS" signature="validLogin()[pri:0, instance:scripts.TestValidLogin@7c1e2a9e]" name="validLogin" duration-ms="16112" started-at="2019-07-26T09:39:29Z" finished-at="2019-07-26T09:39:45Z">
          <reporter-output>
          </reporter-output>
        </test-method> <!-- validLogin -->
        <test-method status="PASS" signature="closeBrowser(org.testng.ITestResult)[pri:0, instance:scripts.TestValidLogin@7c1e2a9e]" name="closeBrowser" is-config="true" duration-ms="2102" started-at="2019-07-26T09:39:45Z" finished-at="2019-07-26T09:39:48Z">
          <params>
            <param index="0">
              <value>
                <![CDATA[[TestResult name=validLogin status=SUCCESS method=TestValidLogin.validLogin()[pri:0, instance:scripts.TestValidLogin@7c1e2a9e] output={null}]]]>
              </value>
            </param>
          </params>
          <reporter-output>
          </reporter-output>
        </test-method> <!-- closeBrowser -->
      </class> <!-- scripts.TestValidLogin -->
      <class name="scripts.TestInvalidLogin">
        <test-method status="PASS" signature="openApplication(java.lang.String)[pri:0, instance:scripts.TestInvalidLogin@fa36558]" name="openApplication" is-config="true" duration-ms="11515" started-at="2019-07-26T09:39:48Z" finished-at="2019-07-26T09:39:59Z">
          <params>
            <param index="0">
              <value>
                <![CDATA[chrome]]>
              </value>
            </param>
          </params>
          <reporter-output>
          </reporter-output>
        </test-method> <!-- openApplication -->
        <test-method status="PASS" signature="testInvalidLogin()[pri:0, instance:scripts.TestInvalidLogin@fa36558]" name="testInvalidLogin" duration-ms="37457" started-at="2019-07-26T09:39:59Z" finished-at="2019-07-26T09:40:36Z">
          <reporter-output>
          </reporter-output>
        </test-method> <!-- testInvalidLogin -->
        <test-method status="PASS" signature="closeBrowser(org.testng.ITestResult)[pri:0, instance:scripts.TestInvalidLogin@fa36558]" name="closeBrowser" is-config="true" duration-ms="191" started-at="2019-07-26T09:40:36Z" finished-at="2019-07-26T09:40:37Z">
          <params>
            <param index="0">
              <value>
                <![CDATA[[TestResult name=testInvalidLogin status=SUCCESS method=TestInvalidLogin.testInvalidLogin()[pri:0, instance:scripts.TestInvalidLogin@fa36558] output={null}]]]>
              </value>
            </param>
          </params>
          <reporter-output>
          </reporter-output>
        </test-method> <!-- closeBrowser -->
      </class> <!-- scripts.TestInvalidLogin -->
    </test> <!-- ChromeTest -->
    <test name="FirefoxTest" duration-ms="89226" started-at="2019-07-26T04:09:13Z" finished-at="2019-07-26T04:10:43Z">
      <class name="scripts.TestValidLogin">
        <test-method status="PASS" signature="openApplication(java.lang.String)[pri:0, instance:scripts.TestValidLogin@3c0be339]" name="openApplication" is-config="true" duration-ms="22798" started-at="2019-07-26T09:39:13Z" finished-at="2019-07-26T09:39:36Z">
          <params>
            <param index="0">
              <value>
                <![CDATA[firefox]]>
              </value>
            </param>
          </params>
          <reporter-output>
          </reporter-output>
        </test-method> <!-- openApplication -->
        <test-method status="PASS" signature="validLogin()[pri:0, instance:scripts.TestValidLogin@3c0be339]" name="validLogin" duration-ms="7629" started-at="2019-07-26T09:39:36Z" finished-at="2019-07-26T09:39:44Z">
          <reporter-output>
          </reporter-output>
        </test-method> <!-- validLogin -->
        <test-method status="PASS" signature="closeBrowser(org.testng.ITestResult)[pri:0, instance:scripts.TestValidLogin@3c0be339]" name="closeBrowser" is-config="true" duration-ms="375" started-at="2019-07-26T09:39:44Z" finished-at="2019-07-26T09:39:44Z">
          <params>
            <param index="0">
              <value>
                <![CDATA[[TestResult name=validLogin status=SUCCESS method=TestValidLogin.validLogin()[pri:0, instance:scripts.TestValidLogin@3c0be339] output={null}]]]>
              </value>
            </param>
          </params>
          <reporter-output>
          </reporter-output>
        </test-method> <!-- closeBrowser -->
      </class> <!-- scripts.TestValidLogin -->
      <class name="scripts.TestInvalidLogin">
        <test-method status="PASS" signature="openApplication(java.lang.String)[pri:0, instance:scripts.TestInvalidLogin@15ca7889]" name="openApplication" is-config="true" duration-ms="18452" started-at="2019-07-26T09:39:44Z" finished-at="2019-07-26T09:40:03Z">
          <params>
            <param index="0">
              <value>
                <![CDATA[firefox]]>
              </value>
            </param>
          </params>
          <reporter-output>
          </reporter-output>
        </test-method> <!-- openApplication -->
        <test-method status="PASS" signature="testInvalidLogin()[pri:0, instance:scripts.TestInvalidLogin@15ca7889]" name="testInvalidLogin" duration-ms="39797" started-at="2019-07-26T09:40:03Z" finished-at="2019-07-26T09:40:42Z">
          <reporter-output>
          </reporter-output>
        </test-method> <!-- testInvalidLogin -->
        <test-method status="PASS" signature="closeBrowser(org.testng.ITestResult)[pri:0, instance:scripts.TestInvalidLogin@15ca7889]" name="closeBrowser" is-config="true" duration-ms="149" started-at="2019-07-26T09:40:42Z" finished-at="2019-07-26T09:40:43Z">
          <params>
            <param index="0">
              <value>
                <![CDATA[[TestResult name=testInvalidLogin status=SUCCESS method=TestInvalidLogin.testInvalidLogin()[pri:0, instance:scripts.TestInvalidLogin@15ca7889] output={null}]]]>
              </value>
            </param>
          </params>
          <reporter-output>
          </reporter-output>
        </test-method> <!-- closeBrowser -->
      </class> <!-- scripts.TestInvalidLogin -->
    </test> <!-- FirefoxTest -->
  </suite> <!-- Suite -->
</testng-results>
