<?xml version="1.0" encoding="UTF-8"?>
<testng-results skipped="0" failed="0" ignored="0" total="4" passed="4">
  <reporter-output>
  </reporter-output>
  <suite name="Suite" duration-ms="92706" started-at="2019-07-20T09:46:37Z" finished-at="2019-07-20T09:48:10Z">
    <groups>
    </groups>
    <test name="ChromeTest" duration-ms="83927" started-at="2019-07-20T09:46:37Z" finished-at="2019-07-20T09:48:01Z">
      <class name="scripts.TestValidLogin">
        <test-method status="PASS" signature="openApplication(java.lang.String)[pri:0, instance:scripts.TestValidLogin@394a2528]" name="openApplication" is-config="true" duration-ms="15089" started-at="2019-07-20T15:16:37Z" finished-at="2019-07-20T15:16:52Z">
          <params>
            <param index="0">
              <value>
                <![CDATA[chrome]]>
              </value>
            </param>
          </params>
          <reporter-output>
          </reporter-output>
        </test-method> <!-- openApplication -->
        <test-method status="PASS" signature="validLogin()[pri:0, instance:scripts.TestValidLogin@394a2528]" name="validLogin" duration-ms="12918" started-at="2019-07-20T15:16:52Z" finished-at="2019-07-20T15:17:05Z">
          <reporter-output>
          </reporter-output>
        </test-method> <!-- validLogin -->
        <test-method status="PASS" signature="closeBrowser(org.testng.ITestResult)[pri:0, instance:scripts.TestValidLogin@394a2528]" name="closeBrowser" is-config="true" duration-ms="580" started-at="2019-07-20T15:17:05Z" finished-at="2019-07-20T15:17:06Z">
          <params>
            <param index="0">
              <value>
                <![CDATA[[TestResult name=validLogin status=SUCCESS method=TestValidLogin.validLogin()[pri:0, instance:scripts.TestValidLogin@394a2528] output={null}]]]>
              </value>
            </param>
          </params>
          <reporter-output>
          </reporter-output>
        </test-method> <!-- closeBrowser -->
      </class> <!-- scripts.TestValidLogin -->
      <class name="scripts.TestInvalidLogin">
        <test-method status="PASS" signature="openApplication(java.lang.String)[pri:0, instance:scripts.TestInvalidLogin@6236eb5f]" name="openApplication" is-config="true" duration-ms="15186" started-at="2019-07-20T15:17:06Z" finished-at="2019-07-20T15:17:21Z">
          <params>
            <param index="0">
              <value>
                <![CDATA[chrome]]>
              </value>
            </param>
          </params>
          <reporter-output>
          </reporter-output>
        </test-method> <!-- openApplication -->
        <test-method status="PASS" signature="testInvalidLogin()[pri:0, instance:scripts.TestInvalidLogin@6236eb5f]" name="testInvalidLogin" duration-ms="37813" started-at="2019-07-20T15:17:21Z" finished-at="2019-07-20T15:17:59Z">
          <reporter-output>
          </reporter-output>
        </test-method> <!-- testInvalidLogin -->
        <test-method status="PASS" signature="closeBrowser(org.testng.ITestResult)[pri:0, instance:scripts.TestInvalidLogin@6236eb5f]" name="closeBrowser" is-config="true" duration-ms="2311" started-at="2019-07-20T15:17:59Z" finished-at="2019-07-20T15:18:01Z">
          <params>
            <param index="0">
              <value>
                <![CDATA[[TestResult name=testInvalidLogin status=SUCCESS method=TestInvalidLogin.testInvalidLogin()[pri:0, instance:scripts.TestInvalidLogin@6236eb5f] output={null}]]]>
              </value>
            </param>
          </params>
          <reporter-output>
          </reporter-output>
        </test-method> <!-- closeBrowser -->
      </class> <!-- scripts.TestInvalidLogin -->
    </test> <!-- ChromeTest -->
    <test name="FirefoxTest" duration-ms="92706" started-at="2019-07-20T09:46:37Z" finished-at="2019-07-20T09:48:10Z">
      <class name="scripts.TestValidLogin">
        <test-method status="PASS" signature="openApplication(java.lang.String)[pri:0, instance:scripts.TestValidLogin@7b02881e]" name="openApplication" is-config="true" duration-ms="27304" started-at="2019-07-20T15:16:37Z" finished-at="2019-07-20T15:17:04Z">
          <params>
            <param index="0">
              <value>
                <![CDATA[firefox]]>
              </value>
            </param>
          </params>
          <reporter-output>
          </reporter-output>
        </test-method> <!-- openApplication -->
        <test-method status="PASS" signature="validLogin()[pri:0, instance:scripts.TestValidLogin@7b02881e]" name="validLogin" duration-ms="6642" started-at="2019-07-20T15:17:04Z" finished-at="2019-07-20T15:17:11Z">
          <reporter-output>
          </reporter-output>
        </test-method> <!-- validLogin -->
        <test-method status="PASS" signature="closeBrowser(org.testng.ITestResult)[pri:0, instance:scripts.TestValidLogin@7b02881e]" name="closeBrowser" is-config="true" duration-ms="390" started-at="2019-07-20T15:17:11Z" finished-at="2019-07-20T15:17:11Z">
          <params>
            <param index="0">
              <value>
                <![CDATA[[TestResult name=validLogin status=SUCCESS method=TestValidLogin.validLogin()[pri:0, instance:scripts.TestValidLogin@7b02881e] output={null}]]]>
              </value>
            </param>
          </params>
          <reporter-output>
          </reporter-output>
        </test-method> <!-- closeBrowser -->
      </class> <!-- scripts.TestValidLogin -->
      <class name="scripts.TestInvalidLogin">
        <test-method status="PASS" signature="openApplication(java.lang.String)[pri:0, instance:scripts.TestInvalidLogin@1ebd319f]" name="openApplication" is-config="true" duration-ms="20466" started-at="2019-07-20T15:17:11Z" finished-at="2019-07-20T15:17:32Z">
          <params>
            <param index="0">
              <value>
                <![CDATA[firefox]]>
              </value>
            </param>
          </params>
          <reporter-output>
          </reporter-output>
        </test-method> <!-- openApplication -->
        <test-method status="PASS" signature="testInvalidLogin()[pri:0, instance:scripts.TestInvalidLogin@1ebd319f]" name="testInvalidLogin" duration-ms="37742" started-at="2019-07-20T15:17:32Z" finished-at="2019-07-20T15:18:10Z">
          <reporter-output>
          </reporter-output>
        </test-method> <!-- testInvalidLogin -->
        <test-method status="PASS" signature="closeBrowser(org.testng.ITestResult)[pri:0, instance:scripts.TestInvalidLogin@1ebd319f]" name="closeBrowser" is-config="true" duration-ms="137" started-at="2019-07-20T15:18:10Z" finished-at="2019-07-20T15:18:10Z">
          <params>
            <param index="0">
              <value>
                <![CDATA[[TestResult name=testInvalidLogin status=SUCCESS method=TestInvalidLogin.testInvalidLogin()[pri:0, instance:scripts.TestInvalidLogin@1ebd319f] output={null}]]]>
              </value>
            </param>
          </params>
          <reporter-output>
          </reporter-output>
        </test-method> <!-- closeBrowser -->
      </class> <!-- scripts.TestInvalidLogin -->
    </test> <!-- FirefoxTest -->
  </suite> <!-- Suite -->
</testng-results>
