<?xml version="1.0" encoding="UTF-8"?>
<testng-results skipped="0" failed="0" ignored="0" total="4" passed="4">
  <reporter-output>
  </reporter-output>
  <suite name="Suite" duration-ms="89035" started-at="2019-07-20T08:10:53Z" finished-at="2019-07-20T08:12:22Z">
    <groups>
    </groups>
    <test name="ChromeTest" duration-ms="83969" started-at="2019-07-20T08:10:53Z" finished-at="2019-07-20T08:12:17Z">
      <class name="scripts.TestValidLogin">
        <test-method status="PASS" signature="openApplication(java.lang.String)[pri:0, instance:scripts.TestValidLogin@5403f35f]" name="openApplication" is-config="true" duration-ms="14136" started-at="2019-07-20T08:10:53Z" finished-at="2019-07-20T08:11:07Z">
          <params>
            <param index="0">
              <value>
                <![CDATA[chrome]]>
              </value>
            </param>
          </params>
          <reporter-output>
          </reporter-output>
        </test-method> <!-- openApplication -->
        <test-method status="PASS" signature="validLogin()[pri:0, instance:scripts.TestValidLogin@5403f35f]" name="validLogin" duration-ms="12637" started-at="2019-07-20T08:11:07Z" finished-at="2019-07-20T08:11:19Z">
          <reporter-output>
          </reporter-output>
        </test-method> <!-- validLogin -->
        <test-method status="PASS" signature="closeBrowser(org.testng.ITestResult)[pri:0, instance:scripts.TestValidLogin@5403f35f]" name="closeBrowser" is-config="true" duration-ms="2375" started-at="2019-07-20T08:11:19Z" finished-at="2019-07-20T08:11:22Z">
          <params>
            <param index="0">
              <value>
                <![CDATA[[TestResult name=validLogin status=SUCCESS method=TestValidLogin.validLogin()[pri:0, instance:scripts.TestValidLogin@5403f35f] output={null}]]]>
              </value>
            </param>
          </params>
          <reporter-output>
          </reporter-output>
        </test-method> <!-- closeBrowser -->
      </class> <!-- scripts.TestValidLogin -->
      <class name="scripts.TestInvalidLogin">
        <test-method status="PASS" signature="openApplication(java.lang.String)[pri:0, instance:scripts.TestInvalidLogin@483f6d77]" name="openApplication" is-config="true" duration-ms="14068" started-at="2019-07-20T08:11:22Z" finished-at="2019-07-20T08:11:36Z">
          <params>
            <param index="0">
              <value>
                <![CDATA[chrome]]>
              </value>
            </param>
          </params>
          <reporter-output>
          </reporter-output>
        </test-method> <!-- openApplication -->
        <test-method status="PASS" signature="testInvalidLogin()[pri:0, instance:scripts.TestInvalidLogin@483f6d77]" name="testInvalidLogin" duration-ms="38383" started-at="2019-07-20T08:11:36Z" finished-at="2019-07-20T08:12:14Z">
          <reporter-output>
          </reporter-output>
        </test-method> <!-- testInvalidLogin -->
        <test-method status="PASS" signature="closeBrowser(org.testng.ITestResult)[pri:0, instance:scripts.TestInvalidLogin@483f6d77]" name="closeBrowser" is-config="true" duration-ms="2333" started-at="2019-07-20T08:12:14Z" finished-at="2019-07-20T08:12:17Z">
          <params>
            <param index="0">
              <value>
                <![CDATA[[TestResult name=testInvalidLogin status=SUCCESS method=TestInvalidLogin.testInvalidLogin()[pri:0, instance:scripts.TestInvalidLogin@483f6d77] output={null}]]]>
              </value>
            </param>
          </params>
          <reporter-output>
          </reporter-output>
        </test-method> <!-- closeBrowser -->
      </class> <!-- scripts.TestInvalidLogin -->
    </test> <!-- ChromeTest -->
    <test name="FirefoxTest" duration-ms="89035" started-at="2019-07-20T08:10:53Z" finished-at="2019-07-20T08:12:22Z">
      <class name="scripts.TestValidLogin">
        <test-method status="PASS" signature="openApplication(java.lang.String)[pri:0, instance:scripts.TestValidLogin@20f5239f]" name="openApplication" is-config="true" duration-ms="22648" started-at="2019-07-20T08:10:53Z" finished-at="2019-07-20T08:11:15Z">
          <params>
            <param index="0">
              <value>
                <![CDATA[firefox]]>
              </value>
            </param>
          </params>
          <reporter-output>
          </reporter-output>
        </test-method> <!-- openApplication -->
        <test-method status="PASS" signature="validLogin()[pri:0, instance:scripts.TestValidLogin@20f5239f]" name="validLogin" duration-ms="7124" started-at="2019-07-20T08:11:15Z" finished-at="2019-07-20T08:11:22Z">
          <reporter-output>
          </reporter-output>
        </test-method> <!-- validLogin -->
        <test-method status="PASS" signature="closeBrowser(org.testng.ITestResult)[pri:0, instance:scripts.TestValidLogin@20f5239f]" name="closeBrowser" is-config="true" duration-ms="234" started-at="2019-07-20T08:11:22Z" finished-at="2019-07-20T08:11:23Z">
          <params>
            <param index="0">
              <value>
                <![CDATA[[TestResult name=validLogin status=SUCCESS method=TestValidLogin.validLogin()[pri:0, instance:scripts.TestValidLogin@20f5239f] output={null}]]]>
              </value>
            </param>
          </params>
          <reporter-output>
          </reporter-output>
        </test-method> <!-- closeBrowser -->
      </class> <!-- scripts.TestValidLogin -->
      <class name="scripts.TestInvalidLogin">
        <test-method status="PASS" signature="openApplication(java.lang.String)[pri:0, instance:scripts.TestInvalidLogin@57af006c]" name="openApplication" is-config="true" duration-ms="21082" started-at="2019-07-20T08:11:23Z" finished-at="2019-07-20T08:11:44Z">
          <params>
            <param index="0">
              <value>
                <![CDATA[firefox]]>
              </value>
            </param>
          </params>
          <reporter-output>
          </reporter-output>
        </test-method> <!-- openApplication -->
        <test-method status="PASS" signature="testInvalidLogin()[pri:0, instance:scripts.TestInvalidLogin@57af006c]" name="testInvalidLogin" duration-ms="37616" started-at="2019-07-20T08:11:44Z" finished-at="2019-07-20T08:12:21Z">
          <reporter-output>
          </reporter-output>
        </test-method> <!-- testInvalidLogin -->
        <test-method status="PASS" signature="closeBrowser(org.testng.ITestResult)[pri:0, instance:scripts.TestInvalidLogin@57af006c]" name="closeBrowser" is-config="true" duration-ms="297" started-at="2019-07-20T08:12:21Z" finished-at="2019-07-20T08:12:22Z">
          <params>
            <param index="0">
              <value>
                <![CDATA[[TestResult name=testInvalidLogin status=SUCCESS method=TestInvalidLogin.testInvalidLogin()[pri:0, instance:scripts.TestInvalidLogin@57af006c] output={null}]]]>
              </value>
            </param>
          </params>
          <reporter-output>
          </reporter-output>
        </test-method> <!-- closeBrowser -->
      </class> <!-- scripts.TestInvalidLogin -->
    </test> <!-- FirefoxTest -->
  </suite> <!-- Suite -->
</testng-results>
